{"contracts/Controller.sol":{"l":{"14":57,"21":27,"24":25,"30":23,"33":23,"34":23,"48":7,"49":1,"56":2,"63":2,"70":1,"79":1,"83":6,"86":6,"87":13,"88":13,"92":6,"95":6,"100":3,"102":2,"103":2},"path":"/mnt/c/Users/SS/Github projects/ERC1155Forging/contracts/Controller.sol","s":{"1":57,"2":27,"3":25,"4":23,"5":23,"6":7,"7":1,"8":6,"9":2,"10":4,"11":2,"12":2,"13":1,"14":1,"15":6,"16":6,"17":13,"18":6,"19":3,"20":2,"21":2},"b":{"1":[25,2],"2":[23,2],"3":[1,6],"4":[1,0],"5":[2,4],"6":[2,0],"7":[2,2],"8":[2,0],"9":[1,1],"10":[1,0],"11":[2,1]},"f":{"1":57,"2":27,"3":7,"4":3},"fnMap":{"1":{"name":"constructor","line":13,"loc":{"start":{"line":13,"column":4},"end":{"line":15,"column":4}}},"2":{"name":"initialMint","line":19,"loc":{"start":{"line":19,"column":4},"end":{"line":35,"column":4}}},"3":{"name":"burnableMint","line":37,"loc":{"start":{"line":37,"column":4},"end":{"line":96,"column":4}}},"4":{"name":"trade","line":98,"loc":{"start":{"line":98,"column":4},"end":{"line":104,"column":4}}}},"statementMap":{"1":{"start":{"line":14,"column":8},"end":{"line":14,"column":35}},"2":{"start":{"line":21,"column":8},"end":{"line":21,"column":72}},"3":{"start":{"line":24,"column":8},"end":{"line":24,"column":773}},"4":{"start":{"line":33,"column":8},"end":{"line":33,"column":33}},"5":{"start":{"line":34,"column":8},"end":{"line":34,"column":45}},"6":{"start":{"line":48,"column":8},"end":{"line":48,"column":1649}},"7":{"start":{"line":49,"column":12},"end":{"line":49,"column":1681}},"8":{"start":{"line":55,"column":15},"end":{"line":55,"column":1853}},"9":{"start":{"line":56,"column":12},"end":{"line":56,"column":1885}},"10":{"start":{"line":62,"column":15},"end":{"line":62,"column":2057}},"11":{"start":{"line":63,"column":12},"end":{"line":63,"column":2089}},"12":{"start":{"line":69,"column":15},"end":{"line":69,"column":2261}},"13":{"start":{"line":70,"column":12},"end":{"line":70,"column":2293}},"14":{"start":{"line":79,"column":12},"end":{"line":79,"column":54}},"15":{"start":{"line":83,"column":8},"end":{"line":83,"column":61}},"16":{"start":{"line":86,"column":8},"end":{"line":86,"column":2769}},"17":{"start":{"line":87,"column":12},"end":{"line":87,"column":40}},"18":{"start":{"line":95,"column":8},"end":{"line":95,"column":45}},"19":{"start":{"line":100,"column":8},"end":{"line":100,"column":70}},"20":{"start":{"line":102,"column":8},"end":{"line":102,"column":52}},"21":{"start":{"line":103,"column":8},"end":{"line":103,"column":54}}},"branchMap":{"1":{"line":21,"type":"if","locations":[{"start":{"line":21,"column":8},"end":{"line":21,"column":8}},{"start":{"line":21,"column":8},"end":{"line":21,"column":8}}]},"2":{"line":24,"type":"if","locations":[{"start":{"line":24,"column":8},"end":{"line":24,"column":8}},{"start":{"line":24,"column":8},"end":{"line":24,"column":8}}]},"3":{"line":48,"type":"if","locations":[{"start":{"line":48,"column":8},"end":{"line":48,"column":8}},{"start":{"line":48,"column":8},"end":{"line":48,"column":8}}]},"4":{"line":49,"type":"if","locations":[{"start":{"line":49,"column":12},"end":{"line":49,"column":12}},{"start":{"line":49,"column":12},"end":{"line":49,"column":12}}]},"5":{"line":55,"type":"if","locations":[{"start":{"line":55,"column":15},"end":{"line":55,"column":15}},{"start":{"line":55,"column":15},"end":{"line":55,"column":15}}]},"6":{"line":56,"type":"if","locations":[{"start":{"line":56,"column":12},"end":{"line":56,"column":12}},{"start":{"line":56,"column":12},"end":{"line":56,"column":12}}]},"7":{"line":62,"type":"if","locations":[{"start":{"line":62,"column":15},"end":{"line":62,"column":15}},{"start":{"line":62,"column":15},"end":{"line":62,"column":15}}]},"8":{"line":63,"type":"if","locations":[{"start":{"line":63,"column":12},"end":{"line":63,"column":12}},{"start":{"line":63,"column":12},"end":{"line":63,"column":12}}]},"9":{"line":69,"type":"if","locations":[{"start":{"line":69,"column":15},"end":{"line":69,"column":15}},{"start":{"line":69,"column":15},"end":{"line":69,"column":15}}]},"10":{"line":70,"type":"if","locations":[{"start":{"line":70,"column":12},"end":{"line":70,"column":12}},{"start":{"line":70,"column":12},"end":{"line":70,"column":12}}]},"11":{"line":100,"type":"if","locations":[{"start":{"line":100,"column":8},"end":{"line":100,"column":8}},{"start":{"line":100,"column":8},"end":{"line":100,"column":8}}]}}},"contracts/Tokens.sol":{"l":{"13":57,"14":57,"15":57,"22":42,"23":39,"32":31,"51":2,"59":6},"path":"/mnt/c/Users/SS/Github projects/ERC1155Forging/contracts/Tokens.sol","s":{"1":57,"2":57,"3":57,"4":42,"5":31,"6":2,"7":6},"b":{"1":[39,3]},"f":{"1":57,"2":42,"3":31,"4":2,"5":6},"fnMap":{"1":{"name":"constructor","line":12,"loc":{"start":{"line":12,"column":4},"end":{"line":19,"column":4}}},"2":{"name":"onlyController","line":21,"loc":{"start":{"line":21,"column":4},"end":{"line":24,"column":4}}},"3":{"name":"mint","line":30,"loc":{"start":{"line":26,"column":4},"end":{"line":33,"column":4}}},"4":{"name":"burn","line":50,"loc":{"start":{"line":46,"column":4},"end":{"line":52,"column":4}}},"5":{"name":"burnBatch","line":58,"loc":{"start":{"line":54,"column":4},"end":{"line":60,"column":4}}}},"statementMap":{"1":{"start":{"line":13,"column":8},"end":{"line":13,"column":23}},"2":{"start":{"line":14,"column":8},"end":{"line":14,"column":23}},"3":{"start":{"line":15,"column":8},"end":{"line":15,"column":30}},"4":{"start":{"line":22,"column":8},"end":{"line":22,"column":40}},"5":{"start":{"line":32,"column":8},"end":{"line":32,"column":35}},"6":{"start":{"line":51,"column":8},"end":{"line":51,"column":33}},"7":{"start":{"line":59,"column":8},"end":{"line":59,"column":40}}},"branchMap":{"1":{"line":22,"type":"if","locations":[{"start":{"line":22,"column":8},"end":{"line":22,"column":8}},{"start":{"line":22,"column":8},"end":{"line":22,"column":8}}]}}}}