TN:
SF:/mnt/c/Users/SS/Github projects/ERC1155Forging/contracts/Controller.sol
FN:13,constructor
FN:19,initialMint
FN:37,burnableMint
FN:98,trade
FNF:4
FNH:4
FNDA:57,constructor
FNDA:27,initialMint
FNDA:7,burnableMint
FNDA:3,trade
DA:14,57
DA:21,27
DA:24,25
DA:30,23
DA:33,23
DA:34,23
DA:48,7
DA:49,1
DA:56,2
DA:63,2
DA:70,1
DA:79,1
DA:83,6
DA:86,6
DA:87,13
DA:88,13
DA:92,6
DA:95,6
DA:100,3
DA:102,2
DA:103,2
LF:21
LH:21
BRDA:21,1,0,25
BRDA:21,1,1,2
BRDA:24,2,0,23
BRDA:24,2,1,2
BRDA:48,3,0,1
BRDA:48,3,1,6
BRDA:49,4,0,1
BRDA:49,4,1,0
BRDA:55,5,0,2
BRDA:55,5,1,4
BRDA:56,6,0,2
BRDA:56,6,1,0
BRDA:62,7,0,2
BRDA:62,7,1,2
BRDA:63,8,0,2
BRDA:63,8,1,0
BRDA:69,9,0,1
BRDA:69,9,1,1
BRDA:70,10,0,1
BRDA:70,10,1,0
BRDA:100,11,0,2
BRDA:100,11,1,1
BRF:22
BRH:18
end_of_record
TN:
SF:/mnt/c/Users/SS/Github projects/ERC1155Forging/contracts/Tokens.sol
FN:12,constructor
FN:21,onlyController
FN:30,mint
FN:50,burn
FN:58,burnBatch
FNF:5
FNH:5
FNDA:57,constructor
FNDA:42,onlyController
FNDA:31,mint
FNDA:2,burn
FNDA:6,burnBatch
DA:13,57
DA:14,57
DA:15,57
DA:22,42
DA:23,39
DA:32,31
DA:51,2
DA:59,6
LF:8
LH:8
BRDA:22,1,0,39
BRDA:22,1,1,3
BRF:2
BRH:2
end_of_record
